[2025-04-10 17:20:49] Starting commit process...
[2025-04-10 17:20:49] Processing: .git
[2025-04-10 17:20:49] On branch main
Changes not staged for commit:
  (use "git add <file>..." to update what will be committed)
  (use "git restore <file>..." to discard changes in working directory)
	modified:   gitpush.py

no changes added to commit (use "git add" and/or "git commit -a")

[2025-04-10 17:20:49] Error with .git: 
[2025-04-10 17:20:51] Processing: attached_assets
[2025-04-10 17:20:51] On branch main
Changes not staged for commit:
  (use "git add <file>..." to update what will be committed)
  (use "git restore <file>..." to discard changes in working directory)
	modified:   gitpush.py

no changes added to commit (use "git add" and/or "git commit -a")

[2025-04-10 17:20:51] Error with attached_assets: 
[2025-04-10 17:20:53] Processing: crewd
[2025-04-10 17:20:53] On branch main
Changes not staged for commit:
  (use "git add <file>..." to update what will be committed)
  (use "git restore <file>..." to discard changes in working directory)
	modified:   gitpush.py

no changes added to commit (use "git add" and/or "git commit -a")

[2025-04-10 17:20:53] Error with crewd: 
[2025-04-10 17:20:55] Processing: crewd_project
[2025-04-10 17:20:56] On branch main
Changes not staged for commit:
  (use "git add <file>..." to update what will be committed)
  (use "git restore <file>..." to discard changes in working directory)
	modified:   gitpush.py

no changes added to commit (use "git add" and/or "git commit -a")

[2025-04-10 17:20:56] Error with crewd_project: 
[2025-04-10 17:20:58] Processing: .gitattributes
[2025-04-10 17:20:58] On branch main
Changes not staged for commit:
  (use "git add <file>..." to update what will be committed)
  (use "git restore <file>..." to discard changes in working directory)
	modified:   gitpush.py

no changes added to commit (use "git add" and/or "git commit -a")

[2025-04-10 17:20:58] Error with .gitattributes: 
[2025-04-10 17:21:00] Processing: .gitignore
[2025-04-10 17:21:00] On branch main
Changes not staged for commit:
  (use "git add <file>..." to update what will be committed)
  (use "git restore <file>..." to discard changes in working directory)
	modified:   gitpush.py

no changes added to commit (use "git add" and/or "git commit -a")

[2025-04-10 17:21:00] Error with .gitignore: 
[2025-04-10 17:21:02] Processing: .replit
[2025-04-10 17:21:02] On branch main
Changes not staged for commit:
  (use "git add <file>..." to update what will be committed)
  (use "git restore <file>..." to discard changes in working directory)
	modified:   gitpush.py

no changes added to commit (use "git add" and/or "git commit -a")

[2025-04-10 17:21:02] Error with .replit: 
[2025-04-10 17:21:04] Processing: generated-icon.png
[2025-04-10 17:21:04] On branch main
Changes not staged for commit:
  (use "git add <file>..." to update what will be committed)
  (use "git restore <file>..." to discard changes in working directory)
	modified:   gitpush.py

no changes added to commit (use "git add" and/or "git commit -a")

[2025-04-10 17:21:04] Error with generated-icon.png: 
[2025-04-10 17:21:06] Processing: gitpush.py
[2025-04-10 17:21:06] On branch main
Changes to be committed:
  (use "git restore --staged <file>..." to unstage)
	modified:   gitpush.py


[2025-04-10 17:21:06] Successfully committed: gitpush.py
[2025-04-10 17:21:08] Skipping ignored item: git_commits.log
[2025-04-10 17:21:08] Processing: pyproject.toml
[2025-04-10 17:21:08] On branch main
nothing to commit, working tree clean

[2025-04-10 17:21:09] Error with pyproject.toml: 
[2025-04-10 17:21:11] Processing: replit.nix
[2025-04-10 17:21:11] On branch main
nothing to commit, working tree clean

[2025-04-10 17:21:11] Error with replit.nix: 
[2025-04-10 17:21:13] Processing: requirements.txt
[2025-04-10 17:21:13] On branch main
nothing to commit, working tree clean

[2025-04-10 17:21:13] Error with requirements.txt: 
